{"__type":"$$EventMessageWorkflow","id":"0afa5189-df61-4c18-8ab8-584c85d1126c","ts":"2024-09-13T11:17:37.383+02:00","eventName":"n8n.workflow.started","message":"n8n.workflow.started","payload":{"executionId":"84","userId":"5fc3c0ca-ac0a-4549-ab41-6e61b27c4727","workflowId":"1","isManual":true,"workflowName":"Climate-Funda"}}
{"__type":"$$EventMessageConfirm","confirm":"0afa5189-df61-4c18-8ab8-584c85d1126c","ts":"2024-09-13T11:17:37.385+02:00","source":{"id":"0","name":"eventBus"}}
{"__type":"$$EventMessageNode","id":"38683b87-f3c4-4086-a944-a271933e55b8","ts":"2024-09-13T11:17:41.716+02:00","eventName":"n8n.node.started","message":"n8n.node.started","payload":{"executionId":"84","nodeName":"When clicking \"Execute Workflow\"","workflowId":"1","workflowName":"Climate-Funda","nodeType":"n8n-nodes-base.manualTrigger"}}
{"__type":"$$EventMessageConfirm","confirm":"38683b87-f3c4-4086-a944-a271933e55b8","ts":"2024-09-13T11:17:41.716+02:00","source":{"id":"0","name":"eventBus"}}
{"__type":"$$EventMessageNode","id":"e29ca952-d4d3-4f8b-aa06-d5fbbaf7bf3c","ts":"2024-09-13T11:17:41.724+02:00","eventName":"n8n.node.finished","message":"n8n.node.finished","payload":{"executionId":"84","nodeName":"When clicking \"Execute Workflow\"","workflowId":"1","workflowName":"Climate-Funda","nodeType":"n8n-nodes-base.manualTrigger"}}
{"__type":"$$EventMessageConfirm","confirm":"e29ca952-d4d3-4f8b-aa06-d5fbbaf7bf3c","ts":"2024-09-13T11:17:41.724+02:00","source":{"id":"0","name":"eventBus"}}
{"__type":"$$EventMessageWorkflow","id":"b456431a-4066-4066-aa65-3fd0a60802e2","ts":"2024-09-13T11:17:41.892+02:00","eventName":"n8n.workflow.success","message":"n8n.workflow.success","payload":{"executionId":"84","success":true,"userId":"5fc3c0ca-ac0a-4549-ab41-6e61b27c4727","workflowId":"1","isManual":true,"workflowName":"Climate-Funda"}}
{"__type":"$$EventMessageConfirm","confirm":"b456431a-4066-4066-aa65-3fd0a60802e2","ts":"2024-09-13T11:17:41.892+02:00","source":{"id":"0","name":"eventBus"}}
{"__type":"$$EventMessageAudit","id":"fe7803dd-8254-447b-9ff9-926f224eb44f","ts":"2024-09-13T11:17:49.323+02:00","eventName":"n8n.audit.workflow.updated","message":"n8n.audit.workflow.updated","payload":{"userId":"5fc3c0ca-ac0a-4549-ab41-6e61b27c4727","_email":"ronaldvdpol@gmail.com","_firstName":"Ronald","_lastName":"van de Pol","globalRole":"owner","workflowId":"1","workflowName":"Climate-Funda"}}
{"__type":"$$EventMessageConfirm","confirm":"fe7803dd-8254-447b-9ff9-926f224eb44f","ts":"2024-09-13T11:17:49.323+02:00","source":{"id":"0","name":"eventBus"}}
{"__type":"$$EventMessageWorkflow","id":"e7a96a4c-09f3-4d1d-9c09-df9b4b5ed257","ts":"2024-09-13T11:17:50.683+02:00","eventName":"n8n.workflow.started","message":"n8n.workflow.started","payload":{"executionId":"85","userId":"5fc3c0ca-ac0a-4549-ab41-6e61b27c4727","workflowId":"1","isManual":true,"workflowName":"Climate-Funda"}}
{"__type":"$$EventMessageConfirm","confirm":"e7a96a4c-09f3-4d1d-9c09-df9b4b5ed257","ts":"2024-09-13T11:17:50.683+02:00","source":{"id":"0","name":"eventBus"}}
{"__type":"$$EventMessageNode","id":"d7b032b0-5abd-4b9d-96ce-1c130255f8f2","ts":"2024-09-13T11:17:55.351+02:00","eventName":"n8n.node.started","message":"n8n.node.started","payload":{"executionId":"85","nodeName":"When clicking \"Execute Workflow\"","workflowId":"1","workflowName":"Climate-Funda","nodeType":"n8n-nodes-base.manualTrigger"}}
{"__type":"$$EventMessageConfirm","confirm":"d7b032b0-5abd-4b9d-96ce-1c130255f8f2","ts":"2024-09-13T11:17:55.351+02:00","source":{"id":"0","name":"eventBus"}}
{"__type":"$$EventMessageNode","id":"191561e5-24ad-4939-8e3f-5dba17f0518a","ts":"2024-09-13T11:17:55.361+02:00","eventName":"n8n.node.finished","message":"n8n.node.finished","payload":{"executionId":"85","nodeName":"When clicking \"Execute Workflow\"","workflowId":"1","workflowName":"Climate-Funda","nodeType":"n8n-nodes-base.manualTrigger"}}
{"__type":"$$EventMessageConfirm","confirm":"191561e5-24ad-4939-8e3f-5dba17f0518a","ts":"2024-09-13T11:17:55.361+02:00","source":{"id":"0","name":"eventBus"}}
{"__type":"$$EventMessageNode","id":"b1d298fb-debd-452d-8e7d-ee325e5b4436","ts":"2024-09-13T11:17:55.363+02:00","eventName":"n8n.node.started","message":"n8n.node.started","payload":{"executionId":"85","nodeName":"Execute Command2","workflowId":"1","workflowName":"Climate-Funda","nodeType":"n8n-nodes-base.executeCommand"}}
{"__type":"$$EventMessageConfirm","confirm":"b1d298fb-debd-452d-8e7d-ee325e5b4436","ts":"2024-09-13T11:17:55.364+02:00","source":{"id":"0","name":"eventBus"}}
{"__type":"$$EventMessageNode","id":"33267d63-bd1d-4f9d-b448-6ad1c780ae9c","ts":"2024-09-13T11:17:55.471+02:00","eventName":"n8n.node.finished","message":"n8n.node.finished","payload":{"executionId":"85","nodeName":"Execute Command2","workflowId":"1","workflowName":"Climate-Funda","nodeType":"n8n-nodes-base.executeCommand"}}
{"__type":"$$EventMessageConfirm","confirm":"33267d63-bd1d-4f9d-b448-6ad1c780ae9c","ts":"2024-09-13T11:17:55.472+02:00","source":{"id":"0","name":"eventBus"}}
{"__type":"$$EventMessageNode","id":"e2e23568-2fe8-4525-a8c5-eeae80b19ab5","ts":"2024-09-13T11:17:55.474+02:00","eventName":"n8n.node.started","message":"n8n.node.started","payload":{"executionId":"85","nodeName":"Execute Command","workflowId":"1","workflowName":"Climate-Funda","nodeType":"n8n-nodes-base.executeCommand"}}
{"__type":"$$EventMessageConfirm","confirm":"e2e23568-2fe8-4525-a8c5-eeae80b19ab5","ts":"2024-09-13T11:17:55.474+02:00","source":{"id":"0","name":"eventBus"}}
{"__type":"$$EventMessageNode","id":"57cf76b4-c090-4949-8704-bc3d1d4c398b","ts":"2024-09-13T11:21:17.734+02:00","eventName":"n8n.node.finished","message":"n8n.node.finished","payload":{"executionId":"85","nodeName":"Execute Command","workflowId":"1","workflowName":"Climate-Funda","nodeType":"n8n-nodes-base.executeCommand"}}
{"__type":"$$EventMessageConfirm","confirm":"57cf76b4-c090-4949-8704-bc3d1d4c398b","ts":"2024-09-13T11:21:17.734+02:00","source":{"id":"0","name":"eventBus"}}
{"__type":"$$EventMessageNode","id":"d891312e-3088-4782-a3bb-86f61e7f9e81","ts":"2024-09-13T11:21:17.735+02:00","eventName":"n8n.node.started","message":"n8n.node.started","payload":{"executionId":"85","nodeName":"Execute Command1","workflowId":"1","workflowName":"Climate-Funda","nodeType":"n8n-nodes-base.executeCommand"}}
{"__type":"$$EventMessageConfirm","confirm":"d891312e-3088-4782-a3bb-86f61e7f9e81","ts":"2024-09-13T11:21:17.736+02:00","source":{"id":"0","name":"eventBus"}}
{"__type":"$$EventMessageNode","id":"cf2e08cc-c462-4312-9f2e-c501553445d1","ts":"2024-09-13T11:21:24.762+02:00","eventName":"n8n.node.finished","message":"n8n.node.finished","payload":{"executionId":"85","nodeName":"Execute Command1","workflowId":"1","workflowName":"Climate-Funda","nodeType":"n8n-nodes-base.executeCommand"}}
{"__type":"$$EventMessageConfirm","confirm":"cf2e08cc-c462-4312-9f2e-c501553445d1","ts":"2024-09-13T11:21:24.762+02:00","source":{"id":"0","name":"eventBus"}}
{"__type":"$$EventMessageWorkflow","id":"42080db9-ea35-469e-81e8-35cd3864575f","ts":"2024-09-13T11:21:24.882+02:00","eventName":"n8n.workflow.failed","message":"n8n.workflow.failed","payload":{"executionId":"85","success":false,"userId":"5fc3c0ca-ac0a-4549-ab41-6e61b27c4727","workflowId":"1","lastNodeExecuted":"Execute Command1","errorNodeType":"n8n-nodes-base.executeCommand","errorNodeId":"2","errorMessage":"Command failed: python py_scripts/app.py\nTraceback (most recent call last):\n  File \"/data/py_scripts/app.py\", line 29, in <module>\n    refresh_data()\n  File \"/data/py_scripts/app.py\", line 15, in refresh_data\n    funda.scrape_data(500)\n  File \"/data/py_scripts/funda.py\", line 35, in scrape_data\n    df = scraper.run(raw_data=True)\n  File \"/data/py_scripts/scrape.py\", line 306, in run\n    self.fetch_all_links()\n  File \"/data/py_scripts/scrape.py\", line 232, in fetch_all_links\n    main_url = self._build_main_query_url()\n  File \"/data/py_scripts/scrape.py\", line 277, in _build_main_query_url\n    main_url = f\"{main_url}&publication_date={self.check_days_since}\"\n  File \"/data/py_scripts/scrape.py\", line 100, in check_days_since\n    raise ValueError(\"'days_since' must be either None, 1, 3, 5, 10 or 30.\")\nValueError: 'days_since' must be either None, 1, 3, 5, 10 or 30.\n","isManual":true,"workflowName":"Climate-Funda"}}
{"__type":"$$EventMessageConfirm","confirm":"42080db9-ea35-469e-81e8-35cd3864575f","ts":"2024-09-13T11:21:24.883+02:00","source":{"id":"0","name":"eventBus"}}
