{"__type":"$$EventMessageWorkflow","id":"32c9681d-ca5a-4571-9560-496c114568ae","ts":"2024-09-13T11:47:40.516+02:00","eventName":"n8n.workflow.started","message":"n8n.workflow.started","payload":{"executionId":"86","userId":"5fc3c0ca-ac0a-4549-ab41-6e61b27c4727","workflowId":"1","isManual":true,"workflowName":"Climate-Funda"}}
{"__type":"$$EventMessageConfirm","confirm":"32c9681d-ca5a-4571-9560-496c114568ae","ts":"2024-09-13T11:47:40.517+02:00","source":{"id":"0","name":"eventBus"}}
{"__type":"$$EventMessageNode","id":"e2ab0bd8-9099-4ce7-b88e-fe9fe96d2ef2","ts":"2024-09-13T11:47:44.167+02:00","eventName":"n8n.node.started","message":"n8n.node.started","payload":{"executionId":"86","nodeName":"When clicking \"Execute Workflow\"","workflowId":"1","workflowName":"Climate-Funda","nodeType":"n8n-nodes-base.manualTrigger"}}
{"__type":"$$EventMessageConfirm","confirm":"e2ab0bd8-9099-4ce7-b88e-fe9fe96d2ef2","ts":"2024-09-13T11:47:44.167+02:00","source":{"id":"0","name":"eventBus"}}
{"__type":"$$EventMessageNode","id":"bf6be545-30fb-4828-ae54-0324f164bc1a","ts":"2024-09-13T11:47:44.171+02:00","eventName":"n8n.node.finished","message":"n8n.node.finished","payload":{"executionId":"86","nodeName":"When clicking \"Execute Workflow\"","workflowId":"1","workflowName":"Climate-Funda","nodeType":"n8n-nodes-base.manualTrigger"}}
{"__type":"$$EventMessageConfirm","confirm":"bf6be545-30fb-4828-ae54-0324f164bc1a","ts":"2024-09-13T11:47:44.172+02:00","source":{"id":"0","name":"eventBus"}}
{"__type":"$$EventMessageNode","id":"c0b479ad-fa4c-4f05-81ed-49bb50ce73e2","ts":"2024-09-13T11:47:44.177+02:00","eventName":"n8n.node.started","message":"n8n.node.started","payload":{"executionId":"86","nodeName":"Execute Command2","workflowId":"1","workflowName":"Climate-Funda","nodeType":"n8n-nodes-base.executeCommand"}}
{"__type":"$$EventMessageConfirm","confirm":"c0b479ad-fa4c-4f05-81ed-49bb50ce73e2","ts":"2024-09-13T11:47:44.177+02:00","source":{"id":"0","name":"eventBus"}}
{"__type":"$$EventMessageNode","id":"bb9cddbd-ab79-45a8-a2af-b8fa9fa3e24b","ts":"2024-09-13T11:47:44.243+02:00","eventName":"n8n.node.finished","message":"n8n.node.finished","payload":{"executionId":"86","nodeName":"Execute Command2","workflowId":"1","workflowName":"Climate-Funda","nodeType":"n8n-nodes-base.executeCommand"}}
{"__type":"$$EventMessageConfirm","confirm":"bb9cddbd-ab79-45a8-a2af-b8fa9fa3e24b","ts":"2024-09-13T11:47:44.243+02:00","source":{"id":"0","name":"eventBus"}}
{"__type":"$$EventMessageNode","id":"861422fb-d270-49fc-9cd0-ffb16e1ab41e","ts":"2024-09-13T11:47:44.245+02:00","eventName":"n8n.node.started","message":"n8n.node.started","payload":{"executionId":"86","nodeName":"Execute Command","workflowId":"1","workflowName":"Climate-Funda","nodeType":"n8n-nodes-base.executeCommand"}}
{"__type":"$$EventMessageConfirm","confirm":"861422fb-d270-49fc-9cd0-ffb16e1ab41e","ts":"2024-09-13T11:47:44.245+02:00","source":{"id":"0","name":"eventBus"}}
{"__type":"$$EventMessageNode","id":"91db8122-0994-493b-a8d4-5adddd071542","ts":"2024-09-13T11:48:38.017+02:00","eventName":"n8n.node.finished","message":"n8n.node.finished","payload":{"executionId":"86","nodeName":"Execute Command","workflowId":"1","workflowName":"Climate-Funda","nodeType":"n8n-nodes-base.executeCommand"}}
{"__type":"$$EventMessageConfirm","confirm":"91db8122-0994-493b-a8d4-5adddd071542","ts":"2024-09-13T11:48:38.018+02:00","source":{"id":"0","name":"eventBus"}}
{"__type":"$$EventMessageNode","id":"f7e89d1a-0097-4211-a589-85cc919f09c7","ts":"2024-09-13T11:48:38.020+02:00","eventName":"n8n.node.started","message":"n8n.node.started","payload":{"executionId":"86","nodeName":"Execute Command1","workflowId":"1","workflowName":"Climate-Funda","nodeType":"n8n-nodes-base.executeCommand"}}
{"__type":"$$EventMessageConfirm","confirm":"f7e89d1a-0097-4211-a589-85cc919f09c7","ts":"2024-09-13T11:48:38.020+02:00","source":{"id":"0","name":"eventBus"}}
{"__type":"$$EventMessageNode","id":"c871d184-3574-4ef2-9098-0f915ab80ef9","ts":"2024-09-13T12:10:28.629+02:00","eventName":"n8n.node.finished","message":"n8n.node.finished","payload":{"executionId":"86","nodeName":"Execute Command1","workflowId":"1","workflowName":"Climate-Funda","nodeType":"n8n-nodes-base.executeCommand"}}
{"__type":"$$EventMessageConfirm","confirm":"c871d184-3574-4ef2-9098-0f915ab80ef9","ts":"2024-09-13T12:10:28.629+02:00","source":{"id":"0","name":"eventBus"}}
{"__type":"$$EventMessageNode","id":"bc8a391f-d28d-49ea-b873-6326cee0de2b","ts":"2024-09-13T12:10:28.631+02:00","eventName":"n8n.node.started","message":"n8n.node.started","payload":{"executionId":"86","nodeName":"Read Binary Files","workflowId":"1","workflowName":"Climate-Funda","nodeType":"n8n-nodes-base.readBinaryFiles"}}
{"__type":"$$EventMessageConfirm","confirm":"bc8a391f-d28d-49ea-b873-6326cee0de2b","ts":"2024-09-13T12:10:28.631+02:00","source":{"id":"0","name":"eventBus"}}
{"__type":"$$EventMessageNode","id":"5136110f-6cc8-46df-9898-a9a476f5d056","ts":"2024-09-13T12:10:28.965+02:00","eventName":"n8n.node.finished","message":"n8n.node.finished","payload":{"executionId":"86","nodeName":"Read Binary Files","workflowId":"1","workflowName":"Climate-Funda","nodeType":"n8n-nodes-base.readBinaryFiles"}}
{"__type":"$$EventMessageConfirm","confirm":"5136110f-6cc8-46df-9898-a9a476f5d056","ts":"2024-09-13T12:10:28.966+02:00","source":{"id":"0","name":"eventBus"}}
{"__type":"$$EventMessageNode","id":"907ac489-e25c-44dc-b180-e1d560dd1f1e","ts":"2024-09-13T12:10:28.966+02:00","eventName":"n8n.node.started","message":"n8n.node.started","payload":{"executionId":"86","nodeName":"AWS S3","workflowId":"1","workflowName":"Climate-Funda","nodeType":"n8n-nodes-base.awsS3"}}
{"__type":"$$EventMessageConfirm","confirm":"907ac489-e25c-44dc-b180-e1d560dd1f1e","ts":"2024-09-13T12:10:28.966+02:00","source":{"id":"0","name":"eventBus"}}
{"__type":"$$EventMessageNode","id":"1847dbb1-f585-4033-8690-bb1bdd700026","ts":"2024-09-13T12:10:43.297+02:00","eventName":"n8n.node.finished","message":"n8n.node.finished","payload":{"executionId":"86","nodeName":"AWS S3","workflowId":"1","workflowName":"Climate-Funda","nodeType":"n8n-nodes-base.awsS3"}}
{"__type":"$$EventMessageConfirm","confirm":"1847dbb1-f585-4033-8690-bb1bdd700026","ts":"2024-09-13T12:10:43.297+02:00","source":{"id":"0","name":"eventBus"}}
{"__type":"$$EventMessageNode","id":"ffbdf224-9ba8-4b6c-9a23-5873d2ef6b6d","ts":"2024-09-13T12:10:43.298+02:00","eventName":"n8n.node.started","message":"n8n.node.started","payload":{"executionId":"86","nodeName":"Read Binary Files1","workflowId":"1","workflowName":"Climate-Funda","nodeType":"n8n-nodes-base.readBinaryFiles"}}
{"__type":"$$EventMessageConfirm","confirm":"ffbdf224-9ba8-4b6c-9a23-5873d2ef6b6d","ts":"2024-09-13T12:10:43.298+02:00","source":{"id":"0","name":"eventBus"}}
{"__type":"$$EventMessageNode","id":"85fbb498-c02a-4b18-b54a-858eea90ed9b","ts":"2024-09-13T12:10:43.328+02:00","eventName":"n8n.node.finished","message":"n8n.node.finished","payload":{"executionId":"86","nodeName":"Read Binary Files1","workflowId":"1","workflowName":"Climate-Funda","nodeType":"n8n-nodes-base.readBinaryFiles"}}
{"__type":"$$EventMessageConfirm","confirm":"85fbb498-c02a-4b18-b54a-858eea90ed9b","ts":"2024-09-13T12:10:43.328+02:00","source":{"id":"0","name":"eventBus"}}
{"__type":"$$EventMessageNode","id":"0387a201-b5a8-4f37-be6d-677c76a5cb80","ts":"2024-09-13T12:10:43.328+02:00","eventName":"n8n.node.started","message":"n8n.node.started","payload":{"executionId":"86","nodeName":"AWS S31","workflowId":"1","workflowName":"Climate-Funda","nodeType":"n8n-nodes-base.awsS3"}}
{"__type":"$$EventMessageConfirm","confirm":"0387a201-b5a8-4f37-be6d-677c76a5cb80","ts":"2024-09-13T12:10:43.328+02:00","source":{"id":"0","name":"eventBus"}}
{"__type":"$$EventMessageNode","id":"b5c2a91b-7f39-4b19-a27b-90880ec1263f","ts":"2024-09-13T12:10:45.223+02:00","eventName":"n8n.node.finished","message":"n8n.node.finished","payload":{"executionId":"86","nodeName":"AWS S31","workflowId":"1","workflowName":"Climate-Funda","nodeType":"n8n-nodes-base.awsS3"}}
{"__type":"$$EventMessageConfirm","confirm":"b5c2a91b-7f39-4b19-a27b-90880ec1263f","ts":"2024-09-13T12:10:45.224+02:00","source":{"id":"0","name":"eventBus"}}
{"__type":"$$EventMessageWorkflow","id":"ea2d73c1-78ab-4b15-b4ad-44fd26a3a411","ts":"2024-09-13T12:10:45.690+02:00","eventName":"n8n.workflow.success","message":"n8n.workflow.success","payload":{"executionId":"86","success":true,"userId":"5fc3c0ca-ac0a-4549-ab41-6e61b27c4727","workflowId":"1","isManual":true,"workflowName":"Climate-Funda"}}
{"__type":"$$EventMessageConfirm","confirm":"ea2d73c1-78ab-4b15-b4ad-44fd26a3a411","ts":"2024-09-13T12:10:45.691+02:00","source":{"id":"0","name":"eventBus"}}
